<?xml version="1.0" encoding="UTF-8"?>
<!-- Generated by org.testng.reporters.JUnitReportReporter -->
<testsuite hostname="LAPTOP-3MSUA5N1" failures="0" tests="3" name="com.mindtree.Runner.MI_runner" time="107.940" errors="0" timestamp="2021-11-07T12:37:09 IST" skipped="0">
  <testcase classname="com.mindtree.Runner.MI_runner" name="runScenario" time="42.978"/>
  <system-out/>
  <testcase classname="com.mindtree.Runner.MI_runner" name="runScenario" time="40.450"/>
  <system-out/>
  <testcase classname="com.mindtree.Runner.MI_runner" name="runScenario" time="24.512"/>
  <system-out/>
</testsuite> <!-- com.mindtree.Runner.MI_runner -->
